#
# There is insufficient memory for the Java Runtime Environment to continue.
# Native memory allocation (mmap) failed to map 264241152 bytes. Error detail: G1 virtual space
# Possible reasons:
#   The system is out of physical RAM or swap space
#   This process is running with CompressedOops enabled, and the Java Heap may be blocking the growth of the native heap
# Possible solutions:
#   Reduce memory load on the system
#   Increase physical memory or swap space
#   Check if swap backing store is full
#   Decrease Java heap size (-Xmx/-Xms)
#   Decrease number of Java threads
#   Decrease Java thread stack sizes (-Xss)
#   Set larger code cache with -XX:ReservedCodeCacheSize=
#   JVM is running with Zero Based Compressed Oops mode in which the Java heap is
#     placed in the first 32GB address space. The Java Heap base address is the
#     maximum limit for the native heap growth. Please use -XX:HeapBaseMinAddress
#     to set the Java Heap base and to place the Java Heap above 32GB virtual address.
# This output file may be truncated or incomplete.
#
#  Out of Memory Error (os_windows.cpp:3898), pid=19680, tid=16680
#
# JRE version:  (21.0.6) (build )
# Java VM: OpenJDK 64-Bit Server VM (21.0.6+-13368085-b895.109, mixed mode, sharing, tiered, compressed oops, compressed class ptrs, g1 gc, windows-amd64)
# No core dump will be written. Minidumps are not enabled by default on client versions of Windows
#

---------------  S U M M A R Y ------------

Command Line: git4idea.http.GitAskPassApp Username for 'https://github.com': 

Host: 11th Gen Intel(R) Core(TM) i5-11320H @ 3.20GHz, 8 cores, 15G,  Windows 11 , 64 bit Build 26100 (10.0.26100.4202)
Time: Fri Jun  6 23:36:26 2025 Hora oficial do Brasil elapsed time: 0.014075 seconds (0d 0h 0m 0s)

---------------  T H R E A D  ---------------

Current thread (0x000002647033f250):  JavaThread "Unknown thread" [_thread_in_vm, id=16680, stack(0x000000e3d7d00000,0x000000e3d7e00000) (1024K)]

Stack: [0x000000e3d7d00000,0x000000e3d7e00000]
Native frames: (J=compiled Java code, j=interpreted, Vv=VM code, C=native code)
V  [jvm.dll+0x6d0639]
V  [jvm.dll+0x85eb03]
V  [jvm.dll+0x86105e]
V  [jvm.dll+0x861743]
V  [jvm.dll+0x27e6e6]
V  [jvm.dll+0x6ccfd5]
V  [jvm.dll+0x6c0a8a]
V  [jvm.dll+0x35537b]
V  [jvm.dll+0x35cfd6]
V  [jvm.dll+0x3aef86]
V  [jvm.dll+0x3af258]
V  [jvm.dll+0x327a2c]
V  [jvm.dll+0x32871b]
V  [jvm.dll+0x826549]
V  [jvm.dll+0x3bc158]
V  [jvm.dll+0x80f7f8]
V  [jvm.dll+0x45035e]
V  [jvm.dll+0x451ac1]
C  [jli.dll+0x52ab]
C  [ucrtbase.dll+0x37b0]
C  [KERNEL32.DLL+0x2e8d7]
C  [ntdll.dll+0x3c34c]


---------------  P R O C E S S  ---------------

Threads class SMR info:
_java_thread_list=0x00007ffde9d61848, length=0, elements={
}

Java Threads: ( => current thread )
Total: 0

Other Threads:
  0x00000264703a1210 WorkerThread "GC Thread#0"                     [id=26860, stack(0x000000e3d7e00000,0x000000e3d7f00000) (1024K)]
  0x00000264703b4040 ConcurrentGCThread "G1 Main Marker"            [id=31324, stack(0x000000e3d7f00000,0x000000e3d8000000) (1024K)]
  0x00000264703b4b40 WorkerThread "G1 Conc#0"                       [id=30036, stack(0x000000e3d8000000,0x000000e3d8100000) (1024K)]

[error occurred during error reporting (printing all threads), id 0xc0000005, EXCEPTION_ACCESS_VIOLATION (0xc0000005) at pc=0x00007ffde955aa87]
VM state: not at safepoint (not fully initialized)

VM Mutex/Monitor currently owned by a thread:  ([mutex/lock_event])
[0x00007ffde9dce4a0] Heap_lock - owner thread: 0x000002647033f250

Heap address: 0x0000000704000000, size: 4032 MB, Compressed Oops mode: Zero based, Oop shift amount: 3

CDS archive(s) mapped at: [0x0000000000000000-0x0000000000000000-0x0000000000000000), size 0, SharedBaseAddress: 0x0000000800000000, ArchiveRelocationMode: 1.
Narrow klass base: 0x0000000000000000, Narrow klass shift: 0, Narrow klass range: 0x0

GC Precious Log:
 CardTable entry size: 512
 Card Set container configuration: InlinePtr #cards 4 size 8 Array Of Cards #cards 16 size 48 Howl #buckets 8 coarsen threshold 3686 Howl Bitmap #cards 512 size 80 coarsen threshold 460 Card regions per heap region 1 cards per card region 4096

Heap:
 garbage-first heap   total 0K, used 0K [0x0000000704000000, 0x0000000800000000)
  region size 2048K, 0 young (0K), 0 survivors (0K)
 Metaspace       used 0K, committed 0K, reserved 0K
  class space    used 0K, committed 0K, reserved 0K

Heap Regions: E=young(eden), S=young(survivor), O=old, HS=humongous(starts), HC=humongous(continues), CS=collection set, F=free, TAMS=top-at-mark-start, PB=parsable bottom

Card table byte_map: [0x0000026473fb0000,0x0000026474790000] _byte_map_base: 0x0000026470790000

Marking Bits: (CMBitMap*) 0x00000264703a2d20
 Bits: [0x0000026474790000, 0x0000026478690000)

GC Heap History (0 events):
No events

Dll operation events (1 events):
Event: 0.009 Loaded shared library C:\Program Files\Android\Android Studio\jbr\bin\java.dll

Deoptimization events (0 events):
No events

Classes loaded (0 events):
No events

Classes unloaded (0 events):
No events

Classes redefined (0 events):
No events

Internal exceptions (0 events):
No events

ZGC Phase Switch (0 events):
No events

VM Operations (0 events):
No events

Memory protections (0 events):
No events

Nmethod flushes (0 events):
No events

Events (0 events):
No events


Dynamic libraries:
0x00007ff6c46a0000 - 0x00007ff6c46aa000 	C:\Program Files\Android\Android Studio\jbr\bin\java.exe
0x00007ffeccbe0000 - 0x00007ffecce45000 	C:\WINDOWS\SYSTEM32\ntdll.dll
0x00007ffecba80000 - 0x00007ffecbb49000 	C:\WINDOWS\System32\KERNEL32.DLL
0x00007ffeca000000 - 0x00007ffeca3e8000 	C:\WINDOWS\System32\KERNELBASE.dll
0x00007ffec9d30000 - 0x00007ffec9e7b000 	C:\WINDOWS\System32\ucrtbase.dll
0x00007ffeac3d0000 - 0x00007ffeac3e8000 	C:\Program Files\Android\Android Studio\jbr\bin\jli.dll
0x00007ffea4060000 - 0x00007ffea407b000 	C:\Program Files\Android\Android Studio\jbr\bin\VCRUNTIME140.dll
0x00007ffecc140000 - 0x00007ffecc30a000 	C:\WINDOWS\System32\USER32.dll
0x00007ffec9f30000 - 0x00007ffec9f57000 	C:\WINDOWS\System32\win32u.dll
0x00007ffea5830000 - 0x00007ffea5aca000 	C:\WINDOWS\WinSxS\amd64_microsoft.windows.common-controls_6595b64144ccf1df_6.0.26100.4202_none_3e0698d4e335f517\COMCTL32.dll
0x00007ffecc430000 - 0x00007ffecc45b000 	C:\WINDOWS\System32\GDI32.dll
0x00007ffeccaf0000 - 0x00007ffeccb99000 	C:\WINDOWS\System32\msvcrt.dll
0x00007ffeca3f0000 - 0x00007ffeca527000 	C:\WINDOWS\System32\gdi32full.dll
0x00007ffec9e80000 - 0x00007ffec9f23000 	C:\WINDOWS\System32\msvcp_win.dll
0x00007ffeca980000 - 0x00007ffeca9b0000 	C:\WINDOWS\System32\IMM32.DLL
0x00007ffec3770000 - 0x00007ffec377c000 	C:\Program Files\Android\Android Studio\jbr\bin\vcruntime140_1.dll
0x00007ffe985b0000 - 0x00007ffe9863d000 	C:\Program Files\Android\Android Studio\jbr\bin\msvcp140.dll
0x00007ffde9220000 - 0x00007ffde9eab000 	C:\Program Files\Android\Android Studio\jbr\bin\server\jvm.dll
0x00007ffecab90000 - 0x00007ffecac43000 	C:\WINDOWS\System32\ADVAPI32.dll
0x00007ffecc6f0000 - 0x00007ffecc796000 	C:\WINDOWS\System32\sechost.dll
0x00007ffecc5d0000 - 0x00007ffecc6e5000 	C:\WINDOWS\System32\RPCRT4.dll
0x00007ffecc030000 - 0x00007ffecc0a4000 	C:\WINDOWS\System32\WS2_32.dll
0x00007ffec9ba0000 - 0x00007ffec9bfe000 	C:\WINDOWS\SYSTEM32\POWRPROF.dll
0x00007ffebec50000 - 0x00007ffebec5b000 	C:\WINDOWS\SYSTEM32\VERSION.dll
0x00007ffec6c30000 - 0x00007ffec6c65000 	C:\WINDOWS\SYSTEM32\WINMM.dll
0x00007ffec9b80000 - 0x00007ffec9b94000 	C:\WINDOWS\SYSTEM32\UMPDC.dll
0x00007ffec8af0000 - 0x00007ffec8b0b000 	C:\WINDOWS\SYSTEM32\kernel.appcore.dll
0x00007ffeb46c0000 - 0x00007ffeb46ca000 	C:\Program Files\Android\Android Studio\jbr\bin\jimage.dll
0x00007ffec73b0000 - 0x00007ffec75f1000 	C:\WINDOWS\SYSTEM32\DBGHELP.DLL
0x00007ffecb540000 - 0x00007ffecb8c5000 	C:\WINDOWS\System32\combase.dll
0x00007ffecc4e0000 - 0x00007ffecc5c1000 	C:\WINDOWS\System32\OLEAUT32.dll
0x00007ffec6bf0000 - 0x00007ffec6c29000 	C:\WINDOWS\SYSTEM32\dbgcore.DLL
0x00007ffec9f60000 - 0x00007ffec9ff9000 	C:\WINDOWS\System32\bcryptPrimitives.dll
0x00007ffe988c0000 - 0x00007ffe988e0000 	C:\Program Files\Android\Android Studio\jbr\bin\java.dll

dbghelp: loaded successfully - version: 4.0.5 - missing functions: none
symbol engine: initialized successfully - sym options: 0x614 - pdb path: .;C:\Program Files\Android\Android Studio\jbr\bin;C:\WINDOWS\SYSTEM32;C:\WINDOWS\WinSxS\amd64_microsoft.windows.common-controls_6595b64144ccf1df_6.0.26100.4202_none_3e0698d4e335f517;C:\Program Files\Android\Android Studio\jbr\bin\server

VM Arguments:
java_command: git4idea.http.GitAskPassApp Username for 'https://github.com': 
java_class_path (initial): C:/Program Files/Android/Android Studio/plugins/vcs-git/lib/git4idea-rt.jar;C:/Program Files/Android/Android Studio/lib/externalProcess-rt.jar
Launcher Type: SUN_STANDARD

[Global flags]
     intx CICompilerCount                          = 4                                         {product} {ergonomic}
     uint ConcGCThreads                            = 2                                         {product} {ergonomic}
     uint G1ConcRefinementThreads                  = 8                                         {product} {ergonomic}
   size_t G1HeapRegionSize                         = 2097152                                   {product} {ergonomic}
    uintx GCDrainStackTargetSize                   = 64                                        {product} {ergonomic}
   size_t InitialHeapSize                          = 264241152                                 {product} {ergonomic}
   size_t MarkStackSize                            = 4194304                                   {product} {ergonomic}
   size_t MaxHeapSize                              = 4227858432                                {product} {ergonomic}
   size_t MinHeapDeltaBytes                        = 2097152                                   {product} {ergonomic}
   size_t MinHeapSize                              = 8388608                                   {product} {ergonomic}
    uintx NonNMethodCodeHeapSize                   = 5839372                                {pd product} {ergonomic}
    uintx NonProfiledCodeHeapSize                  = 122909434                              {pd product} {ergonomic}
    uintx ProfiledCodeHeapSize                     = 122909434                              {pd product} {ergonomic}
    uintx ReservedCodeCacheSize                    = 251658240                              {pd product} {ergonomic}
     bool SegmentedCodeCache                       = true                                      {product} {ergonomic}
   size_t SoftMaxHeapSize                          = 4227858432                             {manageable} {ergonomic}
     bool UseCompressedOops                        = true                           {product lp64_product} {ergonomic}
     bool UseG1GC                                  = true                                      {product} {ergonomic}
     bool UseLargePagesIndividualAllocation        = false                                  {pd product} {ergonomic}

Logging:
Log output configuration:
 #0: stdout all=warning uptime,level,tags foldmultilines=false
 #1: stderr all=off uptime,level,tags foldmultilines=false

Environment Variables:
PATH=C:\Program Files\Git\mingw64\libexec\git-core;C:\Program Files\Git\mingw64\libexec\git-core;C:\Program Files\Git\mingw64\bin;C:\Program Files\Git\usr\bin;C:\Users\Vanessa\bin;C:\Program Files\Common Files\Oracle\Java\javapath;C:\Python312\Scripts;C:\Python312;C:\Python311\Scripts;C:\Python311;C:\Program Files (x86)\Embarcadero\Studio\21.0\bin;C:\Users\Public\Documents\Embarcadero\Studio\21.0\Bpl;C:\Program Files (x86)\Embarcadero\Studio\21.0\bin64;C:\Users\Public\Documents\Embarcadero\Studio\21.0\Bpl\Win64;C:\Windows\system32;C:\Windows;C:\Windows\System32\Wbem;C:\Windows\System32\WindowsPowerShell\v1.0;C:\Windows\System32\OpenSSH;C:\Program Files\dotnet;C:\Program Files\NVIDIA Corporation\NVIDIA NvDLISR;C:\Program Files (x86)\NVIDIA Corporation\PhysX\Common;C:\Program Files\Microsoft SQL Server\150\Tools\Binn;C:\Program Files\Microsoft SQL Server\Client SDK\ODBC\170\Tools\Binn;C:\Program Files\Microsoft SQL Server\130\Tools\Binn;C:\ProgramData\chocolatey\bin;C:\Program Files (x86)\Windows Live\Shared;C:\Users\Vanessa\Documents\kotlin-compiler-1.9.0\kotlinc\bin;C:\Program Files\Java\jdk-23\bin;'C;C:\Program Files\Git\Users\Vanessa\AppData\Roaming\Python\Python312\Scripts;C:\Program Files\Git\cmd;C:\Users\Vanessa\OneDrive\UFPR\2024_2\DS142 - LPOO2\Trabalho\apache-maven-3.9.9-bin\apache-maven-3.9.9\bin;C:\WINDOWS\system32;C:\WINDOWS;C:\WINDOWS\System32\Wbem;C:\WINDOWS\System32\WindowsPowerShell\v1.0;C:\WINDOWS\System32\OpenSSH;C:\Mobile\T2;C:\Program Files\Docker\Docker\resources\bin;C:\Program Files\nodejs;C:\Program Files\MySQL\MySQL Shell 8.0\bin;C:\Users\Vanessa\AppData\Local\Microsoft\WindowsApps;C:\Users\Vanessa\.dotnet\tools;C:\Users\Vanessa\AppData\Local\Programs\Microsoft VS Code\bin;C:\MinGW\bin;C:\Program Files\Java\jdk-22\bin;C:\Users\Vanessa\OneDrive\Documentos\old\Área de Trabalho\apache-ant-1.10.14\bin;C:\Users\Vanessa\AppData\Local\GitHubDesktop\bin;C:\Users\Vanessa\AppData\Roaming\npm
USERNAME=Vanessa
DISPLAY=:0.0
LC_ALL=en_US.UTF-8
TERM=xterm-256color
TMPDIR=C:\Users\Vanessa\AppData\Local\Temp
OS=Windows_NT
PROCESSOR_IDENTIFIER=Intel64 Family 6 Model 140 Stepping 2, GenuineIntel
TMP=C:\Users\Vanessa\AppData\Local\Temp
TEMP=C:\Users\Vanessa\AppData\Local\Temp




Periodic native trim disabled

JNI global refs:
JNI global refs: 0, weak refs: 0

JNI global refs memory usage: 0, weak refs: 0

Process memory usage:
Resident Set Size: 12976K (0% of 16509732K total physical memory with 1977932K free physical memory)

OOME stack traces (most recent first):
Classloader memory used:

---------------  S Y S T E M  ---------------

OS:
 Windows 11 , 64 bit Build 26100 (10.0.26100.4202)
OS uptime: 2 days 13:49 hours
Hyper-V role detected

CPU: total 8 (initial active 8) (4 cores per cpu, 2 threads per core) family 6 model 140 stepping 2 microcode 0x34, cx8, cmov, fxsr, ht, mmx, 3dnowpref, sse, sse2, sse3, ssse3, sse4.1, sse4.2, popcnt, lzcnt, tsc, tscinvbit, avx, avx2, aes, erms, clmul, bmi1, bmi2, adx, avx512f, avx512dq, avx512cd, avx512bw, avx512vl, sha, fma, vzeroupper, avx512_vpopcntdq, avx512_vpclmulqdq, avx512_vaes, avx512_vnni, clflush, clflushopt, clwb, avx512_vbmi2, avx512_vbmi, hv, rdtscp, rdpid, fsrm, gfni, avx512_bitalg, f16c, cet_ibt, cet_ss, avx512_ifma
Processor Information for the first 8 processors :
  Max Mhz: 2496, Current Mhz: 2496, Mhz Limit: 2496

Memory: 4k page, system-wide physical 16122M (1931M free)
TotalPageFile size 29943M (AvailPageFile size 14M)
current process WorkingSet (physical memory assigned to process): 12M, peak: 12M
current process commit charge ("private bytes"): 60M, peak: 312M

vm_info: OpenJDK 64-Bit Server VM (21.0.6+-13368085-b895.109) for windows-amd64 JRE (21.0.6+-13368085-b895.109), built on 2025-04-16T17:01:31Z by "builder" with MS VC++ 16.10 / 16.11 (VS2019)

END.
